2024-09-02 13:39:34.900 [info] Started initializing default profile extensions in extensions installation folder. file:///home/unixuser3/.vscode/extensions
2024-09-02 13:39:34.958 [warning] Failed to create default profile extensions manifest in extensions installation folder. file:///home/unixuser3/.vscode/extensions Unable to create file 'vscode-userdata:/home/unixuser3/.vscode/extensions/extensions.json' that already exists when overwrite flag is not set
2024-09-02 13:39:34.958 [info] Completed initializing default profile extensions in extensions installation folder. file:///home/unixuser3/.vscode/extensions
2024-09-02 13:40:12.604 [info] Getting Manifest... rust-lang.rust-analyzer
2024-09-02 13:40:12.611 [info] Installing extension: rust-lang.rust-analyzer {"isMachineScoped":false,"installPreReleaseVersion":false,"pinned":false,"profileLocation":{"$mid":1,"external":"vscode-userdata:/home/unixuser3/.vscode/extensions/extensions.json","path":"/home/unixuser3/.vscode/extensions/extensions.json","scheme":"vscode-userdata"},"installOnlyNewlyAddedFromExtensionPack":true,"isApplicationScoped":false,"productVersion":{"version":"1.92.2","date":"2024-08-14T17:29:30.058Z"}}
2024-09-02 13:40:19.230 [info] Extension signature verification result for rust-lang.rust-analyzer: UnknownError. Executed: true. Duration: 7ms.
2024-09-02 13:40:19.543 [info] Extracted extension to file:///home/unixuser3/.vscode/extensions/rust-lang.rust-analyzer-0.3.2096-linux-x64: rust-lang.rust-analyzer
2024-09-02 13:40:19.559 [info] Renamed to /home/unixuser3/.vscode/extensions/rust-lang.rust-analyzer-0.3.2096-linux-x64
2024-09-02 13:40:19.573 [info] Extension installed successfully: rust-lang.rust-analyzer vscode-userdata:/home/unixuser3/.vscode/extensions/extensions.json
2024-09-02 13:40:19.644 [error] [uncaught exception in sharedProcess]: Error: ENOENT: no such file or directory, stat '/home/unixuser3/.vscode/extensions/extensions.json.vsctmp': EntryNotFound (FileSystemError): Error: ENOENT: no such file or directory, stat '/home/unixuser3/.vscode/extensions/extensions.json.vsctmp'
    at o.create (/usr/share/code/resources/app/out/vs/code/node/sharedProcess/sharedProcessMain.js:54:19408)
    at u (/usr/share/code/resources/app/out/vs/code/node/sharedProcess/sharedProcessMain.js:54:19519)
    at p.hb (/usr/share/code/resources/app/out/vs/code/node/sharedProcess/sharedProcessMain.js:59:36714)
    at p.stat (/usr/share/code/resources/app/out/vs/code/node/sharedProcess/sharedProcessMain.js:59:29034)
    at async c.stat (/usr/share/code/resources/app/out/vs/code/node/sharedProcess/sharedProcessMain.js:59:14940)
    at async z.ub (/usr/share/code/resources/app/out/vs/code/node/sharedProcess/sharedProcessMain.js:105:120384)
2024-09-02 13:40:49.491 [info] Getting Manifest... catppuccin.catppuccin-vsc
2024-09-02 13:40:49.496 [info] Installing extension: catppuccin.catppuccin-vsc {"isMachineScoped":false,"installPreReleaseVersion":false,"pinned":false,"profileLocation":{"$mid":1,"external":"vscode-userdata:/home/unixuser3/.vscode/extensions/extensions.json","path":"/home/unixuser3/.vscode/extensions/extensions.json","scheme":"vscode-userdata"},"installOnlyNewlyAddedFromExtensionPack":true,"isApplicationScoped":false,"productVersion":{"version":"1.92.2","date":"2024-08-14T17:29:30.058Z"}}
2024-09-02 13:40:49.894 [info] Extension signature verification result for catppuccin.catppuccin-vsc: UnknownError. Executed: true. Duration: 6ms.
2024-09-02 13:40:49.905 [info] Extracted extension to file:///home/unixuser3/.vscode/extensions/catppuccin.catppuccin-vsc-3.15.2: catppuccin.catppuccin-vsc
2024-09-02 13:40:49.908 [info] Renamed to /home/unixuser3/.vscode/extensions/catppuccin.catppuccin-vsc-3.15.2
2024-09-02 13:40:49.919 [info] Extension installed successfully: catppuccin.catppuccin-vsc vscode-userdata:/home/unixuser3/.vscode/extensions/extensions.json
2024-09-02 13:40:49.989 [error] [uncaught exception in sharedProcess]: Error: ENOENT: no such file or directory, stat '/home/unixuser3/.vscode/extensions/extensions.json.vsctmp': EntryNotFound (FileSystemError): Error: ENOENT: no such file or directory, stat '/home/unixuser3/.vscode/extensions/extensions.json.vsctmp'
    at o.create (/usr/share/code/resources/app/out/vs/code/node/sharedProcess/sharedProcessMain.js:54:19408)
    at u (/usr/share/code/resources/app/out/vs/code/node/sharedProcess/sharedProcessMain.js:54:19519)
    at p.hb (/usr/share/code/resources/app/out/vs/code/node/sharedProcess/sharedProcessMain.js:59:36714)
    at p.stat (/usr/share/code/resources/app/out/vs/code/node/sharedProcess/sharedProcessMain.js:59:29034)
    at async c.stat (/usr/share/code/resources/app/out/vs/code/node/sharedProcess/sharedProcessMain.js:59:14940)
    at async z.ub (/usr/share/code/resources/app/out/vs/code/node/sharedProcess/sharedProcessMain.js:105:120384)
