2024-09-02 15:42:41.211 [info] [main] Log level: Info
2024-09-02 15:42:41.211 [info] [main] Validating found git in: "git"
2024-09-02 15:42:41.211 [info] [main] Using git "2.46.0" from "git"
2024-09-02 15:42:41.211 [info] [Model][doInitialScan] Initial repository scan started
2024-09-02 15:42:41.211 [info] > git rev-parse --show-toplevel [13ms]
2024-09-02 15:42:41.212 [info] > git rev-parse --git-dir --git-common-dir [3ms]
2024-09-02 15:42:41.218 [info] [Model][openRepository] Opened repository: /home/unixuser3/projects/hello_cargo
2024-09-02 15:42:41.226 [info] > git config --get commit.template [4ms]
2024-09-02 15:42:41.227 [info] > git rev-parse --show-toplevel [3ms]
2024-09-02 15:42:41.228 [info] [Model][doInitialScan] Initial repository scan completed - repositories (1), closed repositories (0), parent repositories (0), unsafe repositories (0)
2024-09-02 15:42:41.232 [info] [Git][getRemotes] No remotes found in the git config file
2024-09-02 15:42:41.251 [info] > git for-each-ref --format=%(refname)%00%(upstream:short)%00%(objectname)%00%(upstream:track)%00%(upstream:remotename)%00%(upstream:remoteref) refs/heads/master refs/remotes/master [19ms]
2024-09-02 15:42:41.251 [warning] [Git][getBranch] No such branch: master
2024-09-02 15:42:41.265 [info] > git status -z -uall [11ms]
2024-09-02 15:42:41.282 [info] > git for-each-ref --format=%(refname)%00%(upstream:short)%00%(objectname)%00%(upstream:track)%00%(upstream:remotename)%00%(upstream:remoteref) refs/heads/master refs/remotes/master [12ms]
2024-09-02 15:42:41.282 [warning] [Git][getBranch] No such branch: master
2024-09-02 15:42:41.286 [info] > git config --get commit.template [5ms]
2024-09-02 15:42:41.302 [info] [Git][getRemotes] No remotes found in the git config file
2024-09-02 15:42:41.306 [info] > git for-each-ref --format=%(refname)%00%(upstream:short)%00%(objectname)%00%(upstream:track)%00%(upstream:remotename)%00%(upstream:remoteref) refs/heads/master refs/remotes/master [4ms]
2024-09-02 15:42:41.306 [warning] [Git][getBranch] No such branch: master
2024-09-02 15:42:41.311 [info] > git status -z -uall [2ms]
2024-09-02 15:42:41.326 [info] > git for-each-ref --format=%(refname)%00%(upstream:short)%00%(objectname)%00%(upstream:track)%00%(upstream:remotename)%00%(upstream:remoteref) refs/heads/master refs/remotes/master [12ms]
2024-09-02 15:42:41.326 [warning] [Git][getBranch] No such branch: master
2024-09-02 15:42:41.760 [info] > git check-ignore -v -z --stdin [1ms]
2024-09-02 15:42:43.457 [info] > git check-ignore -v -z --stdin [2ms]
2024-09-02 15:42:43.720 [info] [Git][getRemotes] No remotes found in the git config file
2024-09-02 15:42:43.723 [info] > git config --get commit.template [4ms]
2024-09-02 15:42:43.724 [info] > git for-each-ref --format=%(refname)%00%(upstream:short)%00%(objectname)%00%(upstream:track)%00%(upstream:remotename)%00%(upstream:remoteref) refs/heads/master refs/remotes/master [1ms]
2024-09-02 15:42:43.724 [warning] [Git][getBranch] No such branch: master
2024-09-02 15:42:43.729 [info] > git status -z -uall [2ms]
2024-09-02 15:42:43.735 [info] > git for-each-ref --format=%(refname)%00%(upstream:short)%00%(objectname)%00%(upstream:track)%00%(upstream:remotename)%00%(upstream:remoteref) refs/heads/master refs/remotes/master [2ms]
2024-09-02 15:42:43.735 [warning] [Git][getBranch] No such branch: master
2024-09-02 15:42:44.333 [info] > git show --textconv :Cargo.toml [4ms]
2024-09-02 15:42:44.334 [info] > git ls-files --stage -- /home/unixuser3/projects/hello_cargo/Cargo.toml [1ms]
2024-09-02 15:42:45.788 [info] > git check-ignore -v -z --stdin [1ms]
2024-09-02 15:42:46.117 [info] > git show --textconv :src/main.rs [4ms]
2024-09-02 15:42:46.117 [info] > git ls-files --stage -- /home/unixuser3/projects/hello_cargo/src/main.rs [1ms]
2024-09-02 15:43:20.189 [info] > git show --textconv :src/main.rs [3ms]
2024-09-02 15:43:20.190 [info] > git ls-files --stage -- /home/unixuser3/projects/hello_cargo/src/main.rs [0ms]
2024-09-02 15:43:46.474 [info] > git show --textconv :src/main.rs [3ms]
2024-09-02 15:43:46.475 [info] > git ls-files --stage -- /home/unixuser3/projects/hello_cargo/src/main.rs [1ms]
2024-09-02 15:45:37.446 [info] [Git][getRemotes] No remotes found in the git config file
2024-09-02 15:45:37.447 [info] > git config --get commit.template [4ms]
2024-09-02 15:45:37.447 [info] > git for-each-ref --format=%(refname)%00%(upstream:short)%00%(objectname)%00%(upstream:track)%00%(upstream:remotename)%00%(upstream:remoteref) refs/heads/master refs/remotes/master [1ms]
2024-09-02 15:45:37.447 [warning] [Git][getBranch] No such branch: master
2024-09-02 15:45:37.451 [info] > git status -z -uall [1ms]
2024-09-02 15:45:37.455 [info] > git for-each-ref --format=%(refname)%00%(upstream:short)%00%(objectname)%00%(upstream:track)%00%(upstream:remotename)%00%(upstream:remoteref) refs/heads/master refs/remotes/master [1ms]
2024-09-02 15:45:37.455 [warning] [Git][getBranch] No such branch: master
