2024-09-02 13:39:34.590 [info] Added views:workbench.panel.markers.view in workbench.panel.markers
2024-09-02 13:39:34.590 [info] Added views:workbench.panel.output in workbench.panel.output
2024-09-02 13:39:34.590 [info] Added views:terminal in terminal
2024-09-02 13:39:34.590 [info] Added views:outline in workbench.view.explorer
2024-09-02 13:39:34.590 [info] Added views:workbench.scm in workbench.view.scm
2024-09-02 13:39:34.590 [info] Added views:workbench.view.search in workbench.view.search
2024-09-02 13:39:34.590 [info] Added views:timeline in workbench.view.explorer
2024-09-02 13:39:34.590 [info] Added views:workbench.explorer.emptyView in workbench.view.explorer
2024-09-02 13:39:34.848 [info] Added views:workbench.debug.variablesView,workbench.debug.watchExpressionsView,workbench.debug.callStackView,workbench.debug.breakPointsView in workbench.view.debug
2024-09-02 13:39:35.163 [info] Added views:~remote.forwardedPorts in ~remote.forwardedPortsContainer
2024-09-02 13:39:35.289 [info] Added views:workbench.panel.repl.view in workbench.panel.repl
2024-09-02 13:39:35.290 [info] Removed views:workbench.debug.breakPointsView,workbench.debug.callStackView,workbench.debug.watchExpressionsView,workbench.debug.variablesView from workbench.view.debug
2024-09-02 13:39:35.290 [info] Added views:workbench.debug.welcome in workbench.view.debug
2024-09-02 13:40:00.502 [info] Added views:workbench.views.extensions.installed,workbench.views.extensions.popular,extensions.recommendedList in workbench.view.extensions
2024-09-02 13:40:00.503 [info] Removed views:workbench.views.extensions.popular from workbench.view.extensions
2024-09-02 13:40:00.626 [info] Added views:workbench.views.extensions.popular in workbench.view.extensions
2024-09-02 13:40:01.072 [info] Removed views:extensions.recommendedList,workbench.views.extensions.popular,workbench.views.extensions.installed from workbench.view.extensions
2024-09-02 13:40:01.076 [info] Added views:workbench.views.extensions.marketplace in workbench.view.extensions
2024-09-02 13:40:19.757 [info] Added views:rustDependencies in workbench.view.explorer
2024-09-02 13:40:42.458 [info] Removed views:workbench.views.extensions.marketplace from workbench.view.extensions
2024-09-02 13:40:42.468 [info] Added views:workbench.views.extensions.installed,workbench.views.extensions.popular,extensions.recommendedList in workbench.view.extensions
2024-09-02 13:40:45.415 [info] Removed views:extensions.recommendedList,workbench.views.extensions.popular,workbench.views.extensions.installed from workbench.view.extensions
2024-09-02 13:40:45.419 [info] Added views:workbench.views.extensions.marketplace in workbench.view.extensions
